<?xml version="1.0" encoding="utf-8"?><testsuites name="pytest tests"><testsuite name="pytest" errors="0" failures="0" skipped="0" tests="28" time="7.295" timestamp="2026-05-02T12:42:38.981498+00:00" hostname="agent-env-1468bdab-171f-40a4-a944-2120a90867d8"><testcase classname="backend.tests.test_iter3_backend" name="test_profile_update_persists" time="0.538" /><testcase classname="backend.tests.test_iter3_backend" name="test_profile_update_rejects_bad_currency" time="0.107" /><testcase classname="backend.tests.test_iter3_backend" name="test_profile_driver_sets_verified" time="0.243" /><testcase classname="backend.tests.test_iter3_backend" name="test_profile_driver_forbidden_for_customer" time="0.153" /><testcase classname="backend.tests.test_iter3_backend" name="test_otp_send_returns_dev_code_and_verify" time="0.346" /><testcase classname="backend.tests.test_iter3_backend" name="test_otp_verify_wrong_code" time="0.225" /><testcase classname="backend.tests.test_iter3_backend" name="test_pin_set_and_verify" time="0.466" /><testcase classname="backend.tests.test_iter3_backend" name="test_pin_too_short" time="0.106" /><testcase classname="backend.tests.test_iter3_backend" name="test_2fa_toggle" time="0.350" /><testcase classname="backend.tests.test_iter3_backend" name="test_sessions_list_does_not_leak_token" time="0.111" /><testcase classname="backend.tests.test_iter3_backend" name="test_sos_creates_alert" time="0.112" /><testcase classname="backend.tests.test_iter3_backend" name="test_share_trip_for_participant" time="0.377" /><testcase classname="backend.tests.test_iter3_backend" name="test_share_trip_forbidden_for_stranger" time="0.131" /><testcase classname="backend.tests.test_iter3_backend" name="test_block_user_recorded" time="0.237" /><testcase classname="backend.tests.test_iter3_backend" name="test_faqs_returns_5_with_en_ar" time="0.149" /><testcase classname="backend.tests.test_iter3_backend" name="test_ticket_create_list_reply" time="0.455" /><testcase classname="backend.tests.test_iter3_backend" name="test_payment_methods_crud" time="0.682" /><testcase classname="backend.tests.test_iter3_backend" name="test_payment_methods_rejects_invalid_kind" time="0.114" /><testcase classname="backend.tests.test_iter3_backend" name="test_payment_history_includes_completed" time="0.691" /><testcase classname="backend.tests.test_iter3_backend" name="test_refund_creates_pending" time="0.141" /><testcase classname="backend.tests.test_iter3_backend" name="test_invoice" time="0.116" /><testcase classname="backend.tests.test_iter3_backend" name="test_currency_rates" time="0.110" /><testcase classname="backend.tests.test_iter3_backend" name="test_currency_convert_sar_to_usd" time="0.112" /><testcase classname="backend.tests.test_iter3_backend" name="test_currency_convert_invalid" time="0.116" /><testcase classname="backend.tests.test_iter3_backend" name="test_driver_earnings_breakdown" time="0.106" /><testcase classname="backend.tests.test_iter3_backend" name="test_driver_earnings_breakdown_forbidden_customer" time="0.106" /><testcase classname="backend.tests.test_iter3_backend" name="test_driver_withdraw" time="0.230" /><testcase classname="backend.tests.test_iter3_backend" name="test_zzz_logout_all_revokes_sessions" time="0.442" /></testsuite></testsuites>