<?xml version="1.0" encoding="utf-8"?><testsuites name="pytest tests"><testsuite name="pytest" errors="0" failures="0" skipped="0" tests="20" time="3.065" timestamp="2026-05-01T22:21:05.626246+00:00" hostname="agent-env-1468bdab-171f-40a4-a944-2120a90867d8"><testcase classname="backend.tests.test_aero_backend" name="test_root_ok" time="0.144" /><testcase classname="backend.tests.test_aero_backend" name="test_auth_me_customer" time="0.121" /><testcase classname="backend.tests.test_aero_backend" name="test_auth_me_unauth" time="0.131" /><testcase classname="backend.tests.test_aero_backend" name="test_auth_role_switch_and_revert" time="0.255" /><testcase classname="backend.tests.test_aero_backend" name="test_auth_role_admin_forbidden" time="0.139" /><testcase classname="backend.tests.test_aero_backend" name="test_estimate_public" time="0.102" /><testcase classname="backend.tests.test_aero_backend" name="test_assign_driver" time="0.290" /><testcase classname="backend.tests.test_aero_backend" name="test_status_on_trip" time="0.144" /><testcase classname="backend.tests.test_aero_backend" name="test_status_completed" time="0.121" /><testcase classname="backend.tests.test_aero_backend" name="test_rate_trip" time="0.203" /><testcase classname="backend.tests.test_aero_backend" name="test_status_invalid" time="0.122" /><testcase classname="backend.tests.test_aero_backend" name="test_my_trips_customer" time="0.109" /><testcase classname="backend.tests.test_aero_backend" name="test_request_ride_requires_customer" time="0.110" /><testcase classname="backend.tests.test_aero_backend" name="test_driver_status" time="0.122" /><testcase classname="backend.tests.test_aero_backend" name="test_driver_earnings" time="0.153" /><testcase classname="backend.tests.test_aero_backend" name="test_driver_endpoints_forbidden_for_customer" time="0.120" /><testcase classname="backend.tests.test_aero_backend" name="test_admin_stats" time="0.118" /><testcase classname="backend.tests.test_aero_backend" name="test_admin_users" time="0.115" /><testcase classname="backend.tests.test_aero_backend" name="test_admin_trips" time="0.141" /><testcase classname="backend.tests.test_aero_backend" name="test_admin_forbidden_for_customer" time="0.108" /></testsuite></testsuites>