<?xml version="1.0" encoding="utf-8"?><testsuites name="pytest tests"><testsuite name="pytest" errors="0" failures="0" skipped="0" tests="27" time="5.114" timestamp="2026-05-02T12:24:21.343269+00:00" hostname="agent-env-1468bdab-171f-40a4-a944-2120a90867d8"><testcase classname="backend.tests.test_aero_backend" name="test_root_ok" time="0.219" /><testcase classname="backend.tests.test_aero_backend" name="test_auth_me_customer" time="0.144" /><testcase classname="backend.tests.test_aero_backend" name="test_auth_me_driver_role" time="0.139" /><testcase classname="backend.tests.test_aero_backend" name="test_auth_me_unauth" time="0.140" /><testcase classname="backend.tests.test_aero_backend" name="test_estimate_sar_with_breakdown" time="0.147" /><testcase classname="backend.tests.test_aero_backend" name="test_request_ride_offered_with_driver" time="0.215" /><testcase classname="backend.tests.test_aero_backend" name="test_request_ride_requires_customer" time="0.145" /><testcase classname="backend.tests.test_aero_backend" name="test_driver_incoming_shows_trip" time="0.109" /><testcase classname="backend.tests.test_aero_backend" name="test_driver_accept" time="0.150" /><testcase classname="backend.tests.test_aero_backend" name="test_stranger_cannot_change_status" time="0.160" /><testcase classname="backend.tests.test_aero_backend" name="test_status_on_trip_by_driver" time="0.108" /><testcase classname="backend.tests.test_aero_backend" name="test_driver_location_update" time="0.220" /><testcase classname="backend.tests.test_aero_backend" name="test_status_completed_by_customer" time="0.118" /><testcase classname="backend.tests.test_aero_backend" name="test_rate_customer_to_driver_updates_user_rating" time="0.333" /><testcase classname="backend.tests.test_aero_backend" name="test_rate_driver_to_customer" time="0.340" /><testcase classname="backend.tests.test_aero_backend" name="test_status_invalid" time="0.374" /><testcase classname="backend.tests.test_aero_backend" name="test_reject_goes_back_to_searching_or_no_driver" time="0.328" /><testcase classname="backend.tests.test_aero_backend" name="test_driver_earnings_sar" time="0.141" /><testcase classname="backend.tests.test_aero_backend" name="test_driver_endpoints_forbidden_for_customer" time="0.114" /><testcase classname="backend.tests.test_aero_backend" name="test_notifications_list_for_driver" time="0.119" /><testcase classname="backend.tests.test_aero_backend" name="test_notifications_mark_read" time="0.219" /><testcase classname="backend.tests.test_aero_backend" name="test_notifications_customer_has_accepted" time="0.104" /><testcase classname="backend.tests.test_aero_backend" name="test_admin_stats_has_online_and_sar" time="0.114" /><testcase classname="backend.tests.test_aero_backend" name="test_admin_drivers_list_with_online" time="0.271" /><testcase classname="backend.tests.test_aero_backend" name="test_admin_forbidden_for_customer" time="0.244" /><testcase classname="backend.tests.test_aero_backend" name="test_admin_users" time="0.122" /><testcase classname="backend.tests.test_aero_backend" name="test_admin_trips_include_payment_method" time="0.120" /></testsuite></testsuites>